[0m[[0m[0mdebug[0m] [0m[0m> Exec(test, None, None)[0m
[0m[[0m[0mdebug[0m] [0m[0mEvaluating tasks: Test / test[0m
[0m[[0m[0mdebug[0m] [0m[0mRunning task... Cancel: Signal, check cycles: false, forcegc: true[0m
[0m[[0m[0mdebug[0m] [0m[0mExporting web-assets:employee-play-app[0m
[0m[[0m[0mdebug[0m] [0m[0mExporting web-assets-test:employee-play-app[0m
[0m[[0m[0minfo[0m] [0m[0m[32mEmployeeRepositorySpec:[0m[0m
[0m[[0m[0minfo[0m] [0m[0m[32mEmployeeRepository[0m[0m
[0m[[0m[0minfo[0m] [0m[0m[32m- should create and list employees in insertion order by id[0m[0m
[0m[[0m[0minfo[0m] [0m[0m[32m- should update an existing employee and return None for missing id[0m[0m
[0m[[0m[0minfo[0m] [0m[0m[32m- should delete an employee and report delete result correctly[0m[0m
[0m[[0m[0minfo[0m] [0m[0m[32mEmployeeControllerSpec:[0m[0m
[0m[[0m[0minfo[0m] [0m[0m[32mEmployeeController.list[0m[0m
[0m[[0m[0minfo[0m] [0m[0m[31m- should render employees from repository *** FAILED ***[0m[0m
[0m[[0m[0minfo[0m] [0m[0m[31m  java.lang.RuntimeException: No CSRF token was generated for this request! Is the CSRF filter installed?[0m[0m
[0m[[0m[0minfo[0m] [0m[0m[31m  at scala.sys.package$.error(package.scala:27)[0m[0m
[0m[[0m[0minfo[0m] [0m[0m[31m  at views.html.helper.CSRF$.$anonfun$getToken$1(CSRF.scala:17)[0m[0m
[0m[[0m[0minfo[0m] [0m[0m[31m  at scala.Option.getOrElse(Option.scala:201)[0m[0m
[0m[[0m[0minfo[0m] [0m[0m[31m  at views.html.helper.CSRF$.getToken(CSRF.scala:17)[0m[0m
[0m[[0m[0minfo[0m] [0m[0m[31m  at views.html.helper.CSRF$.formField(CSRF.scala:35)[0m[0m
[0m[[0m[0minfo[0m] [0m[0m[31m  at views.html.employees.list$.$anonfun$apply$1(list.template.scala:54)[0m[0m
[0m[[0m[0minfo[0m] [0m[0m[31m  at scala.collection.immutable.List.map(List.scala:247)[0m[0m
[0m[[0m[0minfo[0m] [0m[0m[31m  at scala.collection.immutable.List.map(List.scala:79)[0m[0m
[0m[[0m[0minfo[0m] [0m[0m[31m  at views.html.employees.list$.apply(list.template.scala:45)[0m[0m
[0m[[0m[0minfo[0m] [0m[0m[31m  at controllers.EmployeeController.$anonfun$list$2(EmployeeController.scala:29)[0m[0m
[0m[[0m[0minfo[0m] [0m[0m[31m  ...[0m[0m
[0m[[0m[0minfo[0m] [0m[0m[32mEmployeeController.create[0m[0m
[0m[[0m[0minfo[0m] [0m[0m[32m- should create employee and redirect on valid form submission[0m[0m
[0m[[0m[0minfo[0m] [0m[0m[32m- should return bad request on invalid form submission[0m[0m
[0m[[0m[0minfo[0m] [0m[0m[32mEmployeeController.update and delete[0m[0m
[0m[[0m[0minfo[0m] [0m[0m[32m- should update and delete an existing employee[0m[0m
[0m[[0m[0minfo[0m] [0m[0m[32m- should return not found when editing a missing employee[0m[0m
[0m[[0m[0minfo[0m] [0m[0m[32mEmployeeIntegrationSpec:[0m[0m
[0m[[0m[0minfo[0m] [0m[0m[32mEmployee integration flow[0m[0m
[0m[[0m[0minfo[0m] [0m[0m[32m- should serve the list page with no employees initially[0m[0m
[0m[[0m[0minfo[0m] [0m[0m[32m- should create, update, and delete an employee through HTTP routes[0m[0m
[0m[[0m[0minfo[0m] [0m[0m[36mRun completed in 1 second, 63 milliseconds.[0m[0m
[0m[[0m[0minfo[0m] [0m[0m[36mTotal number of tests run: 10[0m[0m
[0m[[0m[0minfo[0m] [0m[0m[36mSuites: completed 3, aborted 0[0m[0m
[0m[[0m[0minfo[0m] [0m[0m[36mTests: succeeded 9, failed 1, canceled 0, ignored 0, pending 0[0m[0m
[0m[[0m[0minfo[0m] [0m[0m[31m*** 1 TEST FAILED ***[0m[0m
[0m[[0m[31merror[0m] [0m[0mFailed tests:[0m
[0m[[0m[31merror[0m] [0m[0m	controllers.EmployeeControllerSpec[0m
[0m[[0m[31merror[0m] [0m[0m(Test / [31mtest[0m) sbt.TestsFailedException: Tests unsuccessful[0m
[0m[[0m[31merror[0m] [0m[0mTotal time: 1 s, completed 28 Feb 2026, 10:55:59[0m
[0m[[0m[0mdebug[0m] [0m[0m> Exec(idea-shell, None, None)[0m
