[0m[[0m[0mdebug[0m] [0m[0m> Exec(compile, None, None)[0m
[0m[[0m[0mdebug[0m] [0m[0mEvaluating tasks: Compile / compile[0m
[0m[[0m[0mdebug[0m] [0m[0mRunning task... Cancel: Signal, check cycles: false, forcegc: true[0m
[0m[[0m[0minfo[0m] [0m[0mdownloading https://repo1.maven.org/maven2/com/typesafe/play/play-ahc-ws_2.13/2.9.5/play-ahc-ws_2.13-2.9.5.pom[0m
[0m[[0m[0minfo[0m] [0m[0mdownloaded https://repo1.maven.org/maven2/com/typesafe/play/play-ahc-ws_2.13/2.9.5/play-ahc-ws_2.13-2.9.5.pom[0m
[0m[[0m[0minfo[0m] [0m[0mdownloading https://repo1.maven.org/maven2/com/typesafe/play/shaded-asynchttpclient/2.2.9/shaded-asynchttpclient-2.2.9.pom[0m
[0m[[0m[0minfo[0m] [0m[0mdownloading https://repo1.maven.org/maven2/com/typesafe/play/play-ws_2.13/2.9.5/play-ws_2.13-2.9.5.pom[0m
[0m[[0m[0minfo[0m] [0m[0mdownloading https://repo1.maven.org/maven2/com/typesafe/play/shaded-oauth/2.2.9/shaded-oauth-2.2.9.pom[0m
[0m[[0m[0minfo[0m] [0m[0mdownloading https://repo1.maven.org/maven2/com/typesafe/play/play-ahc-ws-standalone_2.13/2.2.9/play-ahc-ws-standalone_2.13-2.2.9.pom[0m
[0m[[0m[0minfo[0m] [0m[0mdownloaded https://repo1.maven.org/maven2/com/typesafe/play/shaded-asynchttpclient/2.2.9/shaded-asynchttpclient-2.2.9.pom[0m
[0m[[0m[0minfo[0m] [0m[0mdownloaded https://repo1.maven.org/maven2/com/typesafe/play/play-ahc-ws-standalone_2.13/2.2.9/play-ahc-ws-standalone_2.13-2.2.9.pom[0m
[0m[[0m[0minfo[0m] [0m[0mdownloaded https://repo1.maven.org/maven2/com/typesafe/play/shaded-oauth/2.2.9/shaded-oauth-2.2.9.pom[0m
[0m[[0m[0minfo[0m] [0m[0mdownloaded https://repo1.maven.org/maven2/com/typesafe/play/play-ws_2.13/2.9.5/play-ws_2.13-2.9.5.pom[0m
[0m[[0m[0minfo[0m] [0m[0mdownloading https://repo1.maven.org/maven2/com/typesafe/play/play-ws-standalone_2.13/2.2.9/play-ws-standalone_2.13-2.2.9.pom[0m
[0m[[0m[0minfo[0m] [0m[0mdownloading https://repo1.maven.org/maven2/com/typesafe/play/play-ws-standalone-json_2.13/2.2.9/play-ws-standalone-json_2.13-2.2.9.pom[0m
[0m[[0m[0minfo[0m] [0m[0mdownloading https://repo1.maven.org/maven2/com/typesafe/play/play-ws-standalone-xml_2.13/2.2.9/play-ws-standalone-xml_2.13-2.2.9.pom[0m
[0m[[0m[0minfo[0m] [0m[0mdownloaded https://repo1.maven.org/maven2/com/typesafe/play/play-ws-standalone_2.13/2.2.9/play-ws-standalone_2.13-2.2.9.pom[0m
[0m[[0m[0minfo[0m] [0m[0mdownloaded https://repo1.maven.org/maven2/com/typesafe/play/play-ws-standalone-json_2.13/2.2.9/play-ws-standalone-json_2.13-2.2.9.pom[0m
[0m[[0m[0minfo[0m] [0m[0mdownloaded https://repo1.maven.org/maven2/com/typesafe/play/play-ws-standalone-xml_2.13/2.2.9/play-ws-standalone-xml_2.13-2.2.9.pom[0m
[0m[[0m[0minfo[0m] [0m[0mdownloading https://repo1.maven.org/maven2/com/typesafe/play/play-ahc-ws-standalone_2.13/2.2.9/play-ahc-ws-standalone_2.13-2.2.9.jar[0m
[0m[[0m[0minfo[0m] [0m[0mdownloading https://repo1.maven.org/maven2/com/typesafe/play/shaded-oauth/2.2.9/shaded-oauth-2.2.9.jar[0m
[0m[[0m[0minfo[0m] [0m[0mdownloading https://repo1.maven.org/maven2/com/typesafe/play/play-ws-standalone_2.13/2.2.9/play-ws-standalone_2.13-2.2.9.jar[0m
[0m[[0m[0minfo[0m] [0m[0mdownloading https://repo1.maven.org/maven2/com/typesafe/play/shaded-asynchttpclient/2.2.9/shaded-asynchttpclient-2.2.9.jar[0m
[0m[[0m[0minfo[0m] [0m[0mdownloading https://repo1.maven.org/maven2/com/typesafe/play/play-ahc-ws_2.13/2.9.5/play-ahc-ws_2.13-2.9.5.jar[0m
[0m[[0m[0minfo[0m] [0m[0mdownloading https://repo1.maven.org/maven2/com/typesafe/play/play-ws-standalone-json_2.13/2.2.9/play-ws-standalone-json_2.13-2.2.9.jar[0m
[0m[[0m[0minfo[0m] [0m[0mdownloaded https://repo1.maven.org/maven2/com/typesafe/play/play-ws-standalone-json_2.13/2.2.9/play-ws-standalone-json_2.13-2.2.9.jar[0m
[0m[[0m[0minfo[0m] [0m[0mdownloading https://repo1.maven.org/maven2/com/typesafe/play/play-ws_2.13/2.9.5/play-ws_2.13-2.9.5.jar[0m
[0m[[0m[0minfo[0m] [0m[0mdownloaded https://repo1.maven.org/maven2/com/typesafe/play/play-ahc-ws_2.13/2.9.5/play-ahc-ws_2.13-2.9.5.jar[0m
[0m[[0m[0minfo[0m] [0m[0mdownloading https://repo1.maven.org/maven2/com/typesafe/play/play-ws-standalone-xml_2.13/2.2.9/play-ws-standalone-xml_2.13-2.2.9.jar[0m
[0m[[0m[0minfo[0m] [0m[0mdownloaded https://repo1.maven.org/maven2/com/typesafe/play/play-ws_2.13/2.9.5/play-ws_2.13-2.9.5.jar[0m
[0m[[0m[0minfo[0m] [0m[0mdownloaded https://repo1.maven.org/maven2/com/typesafe/play/play-ahc-ws-standalone_2.13/2.2.9/play-ahc-ws-standalone_2.13-2.2.9.jar[0m
[0m[[0m[0minfo[0m] [0m[0mdownloaded https://repo1.maven.org/maven2/com/typesafe/play/play-ws-standalone-xml_2.13/2.2.9/play-ws-standalone-xml_2.13-2.2.9.jar[0m
[0m[[0m[0minfo[0m] [0m[0mdownloaded https://repo1.maven.org/maven2/com/typesafe/play/shaded-oauth/2.2.9/shaded-oauth-2.2.9.jar[0m
[0m[[0m[0minfo[0m] [0m[0mdownloaded https://repo1.maven.org/maven2/com/typesafe/play/play-ws-standalone_2.13/2.2.9/play-ws-standalone_2.13-2.2.9.jar[0m
[0m[[0m[0minfo[0m] [0m[0mdownloaded https://repo1.maven.org/maven2/com/typesafe/play/shaded-asynchttpclient/2.2.9/shaded-asynchttpclient-2.2.9.jar[0m
[0m[[0m[32msuccess[0m] [0m[0mTotal time: 1 s, completed 28 Feb 2026, 10:55:54[0m
[0m[[0m[0mdebug[0m] [0m[0m> Exec(idea-shell, None, None)[0m
