2026.06.08 11:02:01 INFO  Started: Metals version 1.6.7 in folders '/Users/jamesking/work/drawer2/Liquibase' for client Cursor 1.105.1.
2026.06.08 11:02:01 INFO  Memory monitor started
2026.06.08 11:02:01 WARN  Using H2 2.4.240 which is newer than the version Flyway has been verified with. The latest verified version of H2 is 2.3.232.
2026.06.08 11:12:51 WARN  no build target for: /Users/jamesking/work/drawer2/Liquibase/app/src/main/java/com/example/liquibasedemo/LiquibaseDemoApplication.java
2026.06.08 11:12:51 INFO  no build target found for /Users/jamesking/work/drawer2/Liquibase/app/src/main/java/com/example/liquibasedemo/LiquibaseDemoApplication.java. Using fallback presentation compiler.
2026.06.08 11:12:55 WARN  no build target for: /Users/jamesking/work/drawer2/Liquibase/app/src/main/java/com/example/liquibasedemo/UserController.java
2026.06.08 11:12:55 INFO  no build target found for /Users/jamesking/work/drawer2/Liquibase/app/src/main/java/com/example/liquibasedemo/UserController.java. Using fallback presentation compiler.
2026.06.08 11:13:18 WARN  no build target for: /Users/jamesking/work/drawer2/Liquibase/app/src/main/java/com/example/liquibasedemo/User.java
2026.06.08 11:13:18 INFO  no build target found for /Users/jamesking/work/drawer2/Liquibase/app/src/main/java/com/example/liquibasedemo/User.java. Using fallback presentation compiler.
2026.06.08 11:13:20 WARN  no build target for: /Users/jamesking/work/drawer2/Liquibase/app/src/main/java/com/example/liquibasedemo/LiquibaseDemoApplication.java
2026.06.08 11:13:20 INFO  no build target found for /Users/jamesking/work/drawer2/Liquibase/app/src/main/java/com/example/liquibasedemo/LiquibaseDemoApplication.java. Using fallback presentation compiler.
2026.06.08 11:13:21 INFO  no build target found for /Users/jamesking/work/drawer2/Liquibase/app/src/main/java/com/example/liquibasedemo/LiquibaseDemoApplication.java. Using fallback presentation compiler.
2026.06.08 11:13:21 INFO  no build target found for /Users/jamesking/work/drawer2/Liquibase/app/src/main/java/com/example/liquibasedemo/LiquibaseDemoApplication.java. Using fallback presentation compiler.
2026.06.08 11:13:22 INFO  no build target found for /Users/jamesking/work/drawer2/Liquibase/app/src/main/java/com/example/liquibasedemo/LiquibaseDemoApplication.java. Using fallback presentation compiler.
2026.06.08 11:14:35 WARN  no build target for: /Users/jamesking/work/drawer2/Liquibase/app/src/main/java/com/example/liquibasedemo/User.java
2026.06.08 11:14:35 INFO  no build target found for /Users/jamesking/work/drawer2/Liquibase/app/src/main/java/com/example/liquibasedemo/User.java. Using fallback presentation compiler.
2026.06.08 11:14:36 WARN  no build target for: /Users/jamesking/work/drawer2/Liquibase/app/src/main/java/com/example/liquibasedemo/LiquibaseDemoApplication.java
2026.06.08 11:14:35 INFO  no build target found for /Users/jamesking/work/drawer2/Liquibase/app/src/main/java/com/example/liquibasedemo/LiquibaseDemoApplication.java. Using fallback presentation compiler.
2026.06.08 11:14:36 WARN  no build target for: /Users/jamesking/work/drawer2/Liquibase/app/src/main/java/com/example/liquibasedemo/User.java
2026.06.08 11:14:36 INFO  no build target found for /Users/jamesking/work/drawer2/Liquibase/app/src/main/java/com/example/liquibasedemo/User.java. Using fallback presentation compiler.
2026.06.08 11:14:37 WARN  no build target for: /Users/jamesking/work/drawer2/Liquibase/app/src/main/java/com/example/liquibasedemo/UserController.java
2026.06.08 11:14:37 INFO  no build target found for /Users/jamesking/work/drawer2/Liquibase/app/src/main/java/com/example/liquibasedemo/UserController.java. Using fallback presentation compiler.
2026.06.08 11:14:41 INFO  no build target found for /Users/jamesking/work/drawer2/Liquibase/app/src/main/java/com/example/liquibasedemo/UserController.java. Using fallback presentation compiler.
2026.06.08 11:14:41 INFO  no build target found for /Users/jamesking/work/drawer2/Liquibase/app/src/main/java/com/example/liquibasedemo/UserController.java. Using fallback presentation compiler.
2026.06.08 11:14:49 INFO  no build target found for /Users/jamesking/work/drawer2/Liquibase/app/src/main/java/com/example/liquibasedemo/UserController.java. Using fallback presentation compiler.
2026.06.08 16:39:25 INFO  Shutting down server
2026.06.08 16:39:25 INFO  Memory monitor stopped
2026.06.08 16:39:25 INFO  shutting down Metals
2026.06.08 16:39:25 INFO  Exiting server
