2026.03.07 11:38:10 INFO  Started: Metals version 1.6.6 in folders '/Users/jamesking/work/drawer2/Scala/Scala/projects/CafeX' for client Cursor 1.105.1.
2026.03.07 11:38:10 INFO  Memory monitor started
2026.03.07 11:38:10 WARN  Using H2 2.4.240 which is newer than the version Flyway has been verified with. The latest verified version of H2 is 2.3.232.
2026.03.07 11:38:24 INFO  no build target found for /Users/jamesking/work/drawer2/Scala/Scala/projects/CafeX/src/main/scala/cafex/BillCalculator.scala. Using presentation compiler with project's scala-library version: 3.3.7
2026.03.07 11:38:28 INFO  no build target found for /Users/jamesking/work/drawer2/Scala/Scala/projects/CafeX/src/test/scala/cafex/BillCalculatorSpec.scala. Using presentation compiler with project's scala-library version: 3.3.7
2026.03.07 11:38:32 INFO  no build target found for /Users/jamesking/work/drawer2/Scala/Scala/projects/CafeX/src/main/scala/cafex/BillCalculator.scala. Using presentation compiler with project's scala-library version: 3.3.7
2026.03.07 11:40:56 WARN  no build target for: /Users/jamesking/work/drawer2/Scala/Scala/projects/CafeX/src/main/scala/cafex/App.scala
2026.03.07 11:40:56 INFO  no build target found for /Users/jamesking/work/drawer2/Scala/Scala/projects/CafeX/src/main/scala/cafex/App.scala. Using presentation compiler with project's scala-library version: 3.3.7
2026.03.07 11:40:57 INFO  no build target found for /Users/jamesking/work/drawer2/Scala/Scala/projects/CafeX/src/main/scala/cafex/App.scala. Using presentation compiler with project's scala-library version: 3.3.7
2026.03.07 11:40:57 INFO  no build target found for /Users/jamesking/work/drawer2/Scala/Scala/projects/CafeX/src/main/scala/cafex/App.scala. Using presentation compiler with project's scala-library version: 3.3.7
2026.03.07 11:41:09 INFO  no build target found for /Users/jamesking/work/drawer2/Scala/Scala/projects/CafeX/src/main/scala/cafex/App.scala. Using presentation compiler with project's scala-library version: 3.3.7
2026.03.07 11:41:13 WARN  no build target for: /Users/jamesking/work/drawer2/Scala/Scala/projects/CafeX/src/test/scala/cafex/BillCalculatorSpec.scala
2026.03.07 11:41:13 INFO  no build target found for /Users/jamesking/work/drawer2/Scala/Scala/projects/CafeX/src/test/scala/cafex/BillCalculatorSpec.scala. Using presentation compiler with project's scala-library version: 3.3.7
2026.03.07 11:41:14 INFO  no build target found for /Users/jamesking/work/drawer2/Scala/Scala/projects/CafeX/src/test/scala/cafex/BillCalculatorSpec.scala. Using presentation compiler with project's scala-library version: 3.3.7
2026.03.07 11:41:19 INFO  no build target found for /Users/jamesking/work/drawer2/Scala/Scala/projects/CafeX/src/test/scala/cafex/BillCalculatorSpec.scala. Using presentation compiler with project's scala-library version: 3.3.7
2026.03.07 11:41:22 INFO  no build target found for /Users/jamesking/work/drawer2/Scala/Scala/projects/CafeX/src/test/scala/cafex/BillCalculatorSpec.scala. Using presentation compiler with project's scala-library version: 3.3.7
2026.03.07 11:41:22 INFO  no build target found for /Users/jamesking/work/drawer2/Scala/Scala/projects/CafeX/src/test/scala/cafex/BillCalculatorSpec.scala. Using presentation compiler with project's scala-library version: 3.3.7
2026.03.07 11:41:24 INFO  no build target found for /Users/jamesking/work/drawer2/Scala/Scala/projects/CafeX/src/test/scala/cafex/BillCalculatorSpec.scala. Using presentation compiler with project's scala-library version: 3.3.7
2026.03.07 11:41:25 INFO  no build target found for /Users/jamesking/work/drawer2/Scala/Scala/projects/CafeX/src/test/scala/cafex/BillCalculatorSpec.scala. Using presentation compiler with project's scala-library version: 3.3.7
2026.03.07 11:41:30 WARN  no build target for: /Users/jamesking/work/drawer2/Scala/Scala/projects/CafeX/build.sbt
2026.03.07 11:41:30 INFO  no build target found for /Users/jamesking/work/drawer2/Scala/Scala/projects/CafeX/build.sbt. Using presentation compiler with project's scala-library version: 3.3.7
2026.03.07 11:41:32 INFO  no build target found for /Users/jamesking/work/drawer2/Scala/Scala/projects/CafeX/build.sbt. Using presentation compiler with project's scala-library version: 3.3.7
2026.03.07 11:41:36 INFO  no build target found for /Users/jamesking/work/drawer2/Scala/Scala/projects/CafeX/build.sbt. Using presentation compiler with project's scala-library version: 3.3.7
2026.03.07 11:42:25 INFO  no build target found for /Users/jamesking/work/drawer2/Scala/Scala/projects/CafeX/build.sbt. Using presentation compiler with project's scala-library version: 3.3.7
2026.03.07 11:44:43 INFO  no build target found for /Users/jamesking/work/drawer2/Scala/Scala/projects/CafeX/build.sbt. Using presentation compiler with project's scala-library version: 3.3.7
2026.03.07 11:44:45 WARN  no build target for: /Users/jamesking/work/drawer2/Scala/Scala/projects/CafeX/src/main/scala/cafex/BillCalculator.scala
2026.03.07 11:44:45 INFO  no build target found for /Users/jamesking/work/drawer2/Scala/Scala/projects/CafeX/src/main/scala/cafex/BillCalculator.scala. Using presentation compiler with project's scala-library version: 3.3.7
2026.03.07 11:44:45 WARN  no build target for: /Users/jamesking/work/drawer2/Scala/Scala/projects/CafeX/src/main/scala/cafex/App.scala
2026.03.07 11:44:45 INFO  no build target found for /Users/jamesking/work/drawer2/Scala/Scala/projects/CafeX/src/main/scala/cafex/App.scala. Using presentation compiler with project's scala-library version: 3.3.7
2026.03.07 11:48:41 WARN  no build target for: /Users/jamesking/work/drawer2/Scala/Scala/projects/CafeX/src/test/scala/cafex/BillCalculatorSpec.scala
2026.03.07 11:48:41 INFO  no build target found for /Users/jamesking/work/drawer2/Scala/Scala/projects/CafeX/src/test/scala/cafex/BillCalculatorSpec.scala. Using presentation compiler with project's scala-library version: 3.3.7
2026.03.07 11:48:45 INFO  no build target found for /Users/jamesking/work/drawer2/Scala/Scala/projects/CafeX/src/test/scala/cafex/BillCalculatorSpec.scala. Using presentation compiler with project's scala-library version: 3.3.7
2026.03.07 11:48:53 INFO  no build target found for /Users/jamesking/work/drawer2/Scala/Scala/projects/CafeX/src/test/scala/cafex/BillCalculatorSpec.scala. Using presentation compiler with project's scala-library version: 3.3.7
2026.03.07 11:48:57 INFO  no build target found for /Users/jamesking/work/drawer2/Scala/Scala/projects/CafeX/src/test/scala/cafex/BillCalculatorSpec.scala. Using presentation compiler with project's scala-library version: 3.3.7
2026.03.07 11:48:57 INFO  no build target found for /Users/jamesking/work/drawer2/Scala/Scala/projects/CafeX/src/test/scala/cafex/BillCalculatorSpec.scala. Using presentation compiler with project's scala-library version: 3.3.7
2026.03.07 12:28:14 INFO  no build target found for /Users/jamesking/work/drawer2/Scala/Scala/projects/CafeX/src/test/scala/cafex/BillCalculatorSpec.scala. Using presentation compiler with project's scala-library version: 3.3.7
2026.03.07 12:28:18 WARN  no build target for: /Users/jamesking/work/drawer2/Scala/Scala/projects/CafeX/src/main/scala/cafex/App.scala
2026.03.07 12:28:18 INFO  no build target found for /Users/jamesking/work/drawer2/Scala/Scala/projects/CafeX/src/main/scala/cafex/App.scala. Using presentation compiler with project's scala-library version: 3.3.7
2026.03.07 12:28:21 WARN  no build target for: /Users/jamesking/work/drawer2/Scala/Scala/projects/CafeX/src/main/scala/cafex/BillCalculator.scala
2026.03.07 12:28:21 INFO  no build target found for /Users/jamesking/work/drawer2/Scala/Scala/projects/CafeX/src/main/scala/cafex/BillCalculator.scala. Using presentation compiler with project's scala-library version: 3.3.7
Mar 07, 2026 5:49:17 PM org.eclipse.lsp4j.jsonrpc.services.GenericEndpoint notify
INFO: Unsupported notification method: $/setTrace
Mar 07, 2026 5:51:47 PM org.eclipse.lsp4j.jsonrpc.services.GenericEndpoint notify
INFO: Unsupported notification method: $/setTrace
2026.03.07 17:51:54 INFO  no build target found for /Users/jamesking/work/drawer2/Scala/Scala/projects/CafeX/src/main/scala/cafex/BillCalculator.scala. Using presentation compiler with project's scala-library version: 3.3.7
2026.03.07 20:27:23 INFO  no build target found for /Users/jamesking/work/drawer2/Scala/Scala/projects/CafeX/src/main/scala/cafex/BillCalculator.scala. Using presentation compiler with project's scala-library version: 3.3.7
2026.03.07 20:27:25 INFO  no build target found for /Users/jamesking/work/drawer2/Scala/Scala/projects/CafeX/src/main/scala/cafex/BillCalculator.scala. Using presentation compiler with project's scala-library version: 3.3.7
2026.03.07 20:27:31 INFO  no build target found for /Users/jamesking/work/drawer2/Scala/Scala/projects/CafeX/src/main/scala/cafex/BillCalculator.scala. Using presentation compiler with project's scala-library version: 3.3.7
2026.03.07 20:27:34 WARN  no build target for: /Users/jamesking/work/drawer2/Scala/Scala/projects/CafeX/src/test/scala/cafex/BillCalculatorSpec.scala
2026.03.07 20:27:34 INFO  no build target found for /Users/jamesking/work/drawer2/Scala/Scala/projects/CafeX/src/test/scala/cafex/BillCalculatorSpec.scala. Using presentation compiler with project's scala-library version: 3.3.7
2026.03.07 20:28:24 INFO  no build target found for /Users/jamesking/work/drawer2/Scala/Scala/projects/CafeX/src/test/scala/cafex/BillCalculatorSpec.scala. Using presentation compiler with project's scala-library version: 3.3.7
2026.03.07 20:29:02 INFO  no build target found for /Users/jamesking/work/drawer2/Scala/Scala/projects/CafeX/src/test/scala/cafex/BillCalculatorSpec.scala. Using presentation compiler with project's scala-library version: 3.3.7
2026.03.07 20:29:02 INFO  no build target found for /Users/jamesking/work/drawer2/Scala/Scala/projects/CafeX/src/test/scala/cafex/BillCalculatorSpec.scala. Using presentation compiler with project's scala-library version: 3.3.7
2026.03.07 20:29:06 INFO  no build target found for /Users/jamesking/work/drawer2/Scala/Scala/projects/CafeX/src/test/scala/cafex/BillCalculatorSpec.scala. Using presentation compiler with project's scala-library version: 3.3.7
2026.03.07 20:29:28 INFO  no build target found for /Users/jamesking/work/drawer2/Scala/Scala/projects/CafeX/src/test/scala/cafex/BillCalculatorSpec.scala. Using presentation compiler with project's scala-library version: 3.3.7
2026.03.07 20:29:29 INFO  no build target found for /Users/jamesking/work/drawer2/Scala/Scala/projects/CafeX/src/test/scala/cafex/BillCalculatorSpec.scala. Using presentation compiler with project's scala-library version: 3.3.7
2026.03.07 20:29:29 INFO  no build target found for /Users/jamesking/work/drawer2/Scala/Scala/projects/CafeX/src/test/scala/cafex/BillCalculatorSpec.scala. Using presentation compiler with project's scala-library version: 3.3.7
2026.03.07 20:29:29 INFO  no build target found for /Users/jamesking/work/drawer2/Scala/Scala/projects/CafeX/src/test/scala/cafex/BillCalculatorSpec.scala. Using presentation compiler with project's scala-library version: 3.3.7
2026.03.07 20:29:53 INFO  no build target found for /Users/jamesking/work/drawer2/Scala/Scala/projects/CafeX/src/test/scala/cafex/BillCalculatorSpec.scala. Using presentation compiler with project's scala-library version: 3.3.7
2026.03.07 20:29:54 INFO  no build target found for /Users/jamesking/work/drawer2/Scala/Scala/projects/CafeX/src/test/scala/cafex/BillCalculatorSpec.scala. Using presentation compiler with project's scala-library version: 3.3.7
2026.03.07 20:29:54 INFO  no build target found for /Users/jamesking/work/drawer2/Scala/Scala/projects/CafeX/src/test/scala/cafex/BillCalculatorSpec.scala. Using presentation compiler with project's scala-library version: 3.3.7
2026.03.07 20:29:56 INFO  no build target found for /Users/jamesking/work/drawer2/Scala/Scala/projects/CafeX/src/test/scala/cafex/BillCalculatorSpec.scala. Using presentation compiler with project's scala-library version: 3.3.7
2026.03.07 20:30:02 INFO  no build target found for /Users/jamesking/work/drawer2/Scala/Scala/projects/CafeX/src/test/scala/cafex/BillCalculatorSpec.scala. Using presentation compiler with project's scala-library version: 3.3.7
2026.03.07 20:30:02 INFO  no build target found for /Users/jamesking/work/drawer2/Scala/Scala/projects/CafeX/src/test/scala/cafex/BillCalculatorSpec.scala. Using presentation compiler with project's scala-library version: 3.3.7
2026.03.07 20:30:02 INFO  no build target found for /Users/jamesking/work/drawer2/Scala/Scala/projects/CafeX/src/test/scala/cafex/BillCalculatorSpec.scala. Using presentation compiler with project's scala-library version: 3.3.7
2026.03.07 20:30:04 INFO  no build target found for /Users/jamesking/work/drawer2/Scala/Scala/projects/CafeX/src/test/scala/cafex/BillCalculatorSpec.scala. Using presentation compiler with project's scala-library version: 3.3.7
2026.03.07 20:31:14 INFO  no build target found for /Users/jamesking/work/drawer2/Scala/Scala/projects/CafeX/src/test/scala/cafex/BillCalculatorSpec.scala. Using presentation compiler with project's scala-library version: 3.3.7
2026.03.07 20:31:14 INFO  no build target found for /Users/jamesking/work/drawer2/Scala/Scala/projects/CafeX/src/test/scala/cafex/BillCalculatorSpec.scala. Using presentation compiler with project's scala-library version: 3.3.7
2026.03.07 20:31:15 INFO  no build target found for /Users/jamesking/work/drawer2/Scala/Scala/projects/CafeX/src/test/scala/cafex/BillCalculatorSpec.scala. Using presentation compiler with project's scala-library version: 3.3.7
2026.03.07 20:31:15 INFO  no build target found for /Users/jamesking/work/drawer2/Scala/Scala/projects/CafeX/src/test/scala/cafex/BillCalculatorSpec.scala. Using presentation compiler with project's scala-library version: 3.3.7
2026.03.07 20:31:16 INFO  no build target found for /Users/jamesking/work/drawer2/Scala/Scala/projects/CafeX/src/test/scala/cafex/BillCalculatorSpec.scala. Using presentation compiler with project's scala-library version: 3.3.7
2026.03.07 20:31:28 INFO  no build target found for /Users/jamesking/work/drawer2/Scala/Scala/projects/CafeX/src/test/scala/cafex/BillCalculatorSpec.scala. Using presentation compiler with project's scala-library version: 3.3.7
2026.03.07 20:31:28 INFO  no build target found for /Users/jamesking/work/drawer2/Scala/Scala/projects/CafeX/src/test/scala/cafex/BillCalculatorSpec.scala. Using presentation compiler with project's scala-library version: 3.3.7
2026.03.07 20:31:30 INFO  no build target found for /Users/jamesking/work/drawer2/Scala/Scala/projects/CafeX/src/test/scala/cafex/BillCalculatorSpec.scala. Using presentation compiler with project's scala-library version: 3.3.7
2026.03.07 20:31:40 INFO  no build target found for /Users/jamesking/work/drawer2/Scala/Scala/projects/CafeX/src/test/scala/cafex/BillCalculatorSpec.scala. Using presentation compiler with project's scala-library version: 3.3.7
2026.03.07 20:33:02 INFO  no build target found for /Users/jamesking/work/drawer2/Scala/Scala/projects/CafeX/src/test/scala/cafex/BillCalculatorSpec.scala. Using presentation compiler with project's scala-library version: 3.3.7
2026.03.07 20:33:04 INFO  no build target found for /Users/jamesking/work/drawer2/Scala/Scala/projects/CafeX/src/test/scala/cafex/BillCalculatorSpec.scala. Using presentation compiler with project's scala-library version: 3.3.7
2026.03.07 20:35:02 INFO  no build target found for /Users/jamesking/work/drawer2/Scala/Scala/projects/CafeX/src/test/scala/cafex/BillCalculatorSpec.scala. Using presentation compiler with project's scala-library version: 3.3.7
2026.03.07 20:37:01 INFO  no build target found for /Users/jamesking/work/drawer2/Scala/Scala/projects/CafeX/src/test/scala/cafex/BillCalculatorSpec.scala. Using presentation compiler with project's scala-library version: 3.3.7
2026.03.07 20:40:24 INFO  no build target found for /Users/jamesking/work/drawer2/Scala/Scala/projects/CafeX/src/test/scala/cafex/BillCalculatorSpec.scala. Using presentation compiler with project's scala-library version: 3.3.7
Mar 10, 2026 7:18:21 PM org.eclipse.lsp4j.jsonrpc.services.GenericEndpoint notify
INFO: Unsupported notification method: $/setTrace
Mar 14, 2026 9:01:20 PM org.eclipse.lsp4j.jsonrpc.services.GenericEndpoint notify
INFO: Unsupported notification method: $/setTrace
Mar 15, 2026 9:57:18 AM org.eclipse.lsp4j.jsonrpc.services.GenericEndpoint notify
INFO: Unsupported notification method: $/setTrace
Mar 15, 2026 10:02:04 AM org.eclipse.lsp4j.jsonrpc.services.GenericEndpoint notify
INFO: Unsupported notification method: $/setTrace
Mar 15, 2026 10:28:51 AM org.eclipse.lsp4j.jsonrpc.services.GenericEndpoint notify
INFO: Unsupported notification method: $/setTrace
2026.03.15 10:35:03 INFO  Shutting down server
2026.03.15 10:35:03 INFO  Memory monitor stopped
2026.03.15 10:35:03 INFO  shutting down Metals
2026.03.15 10:35:03 INFO  Exiting server
